{
  "C:\\Projects\\FRSource\\FRS-hide-scrollbar\\src\\scripts\\FRSHideScrollbar.spec.js": {
    "path"        : "C:\\Projects\\FRSource\\FRS-hide-scrollbar\\src\\scripts\\FRSHideScrollbar.spec.js",
    "s"           : {
      "1" : 1,
      "2" : 1,
      "3" : 1,
      "4" : 1,
      "5" : 1,
      "6" : 1,
      "7" : 1,
      "8" : 1,
      "9" : 1,
      "10": 1,
      "11": 1,
      "12": 1,
      "13": 1,
      "14": 1,
      "15": 1,
      "16": 1,
      "17": 1,
      "18": 1,
      "19": 1,
      "20": 1,
      "21": 2,
      "22": 2,
      "23": 2,
      "24": 2
    },
    "b"           : {},
    "f"           : {
      "1": 1,
      "2": 1,
      "3": 1,
      "4": 1,
      "5": 2
    },
    "fnMap"       : {
      "1": {
        "name": "(anonymous_1)",
        "line": 5,
        "loc" : {
          "start": {
            "line"  : 5,
            "column": 28
          },
          "end"  : {
            "line"  : 5,
            "column": 41
          }
        }
      },
      "2": {
        "name": "(anonymous_2)",
        "line": 6,
        "loc" : {
          "start": {
            "line"  : 6,
            "column": 49
          },
          "end"  : {
            "line"  : 6,
            "column": 63
          }
        }
      },
      "3": {
        "name": "(anonymous_3)",
        "line": 16,
        "loc" : {
          "start": {
            "line"  : 16,
            "column": 17
          },
          "end"  : {
            "line"  : 16,
            "column": 31
          }
        }
      },
      "4": {
        "name": "onLoad",
        "line": 23,
        "loc" : {
          "start": {
            "line"  : 23,
            "column": 4
          },
          "end"  : {
            "line"  : 23,
            "column": 23
          }
        }
      },
      "5": {
        "name": "initializeModuleInDOM",
        "line": 35,
        "loc" : {
          "start": {
            "line"  : 35,
            "column": 0
          },
          "end"  : {
            "line"  : 35,
            "column": 40
          }
        }
      }
    },
    "statementMap": {
      "1" : {
        "start": {
          "line"  : 1,
          "column": 0
        },
        "end"  : {
          "line"  : 1,
          "column": 32
        }
      },
      "2" : {
        "start": {
          "line"  : 2,
          "column": 0
        },
        "end"  : {
          "line"  : 2,
          "column": 33
        }
      },
      "3" : {
        "start": {
          "line"  : 3,
          "column": 0
        },
        "end"  : {
          "line"  : 3,
          "column": 22
        }
      },
      "4" : {
        "start": {
          "line"  : 5,
          "column": 0
        },
        "end"  : {
          "line"  : 33,
          "column": 3
        }
      },
      "5" : {
        "start": {
          "line"  : 6,
          "column": 2
        },
        "end"  : {
          "line"  : 14,
          "column": 5
        }
      },
      "6" : {
        "start": {
          "line"  : 7,
          "column": 4
        },
        "end"  : {
          "line"  : 7,
          "column": 85
        }
      },
      "7" : {
        "start": {
          "line"  : 8,
          "column": 4
        },
        "end"  : {
          "line"  : 8,
          "column": 80
        }
      },
      "8" : {
        "start": {
          "line"  : 10,
          "column": 4
        },
        "end"  : {
          "line"  : 10,
          "column": 51
        }
      },
      "9" : {
        "start": {
          "line"  : 11,
          "column": 4
        },
        "end"  : {
          "line"  : 11,
          "column": 108
        }
      },
      "10": {
        "start": {
          "line"  : 13,
          "column": 4
        },
        "end"  : {
          "line"  : 13,
          "column": 13
        }
      },
      "11": {
        "start": {
          "line"  : 16,
          "column": 2
        },
        "end"  : {
          "line"  : 30,
          "column": 5
        }
      },
      "12": {
        "start": {
          "line"  : 17,
          "column": 4
        },
        "end"  : {
          "line"  : 17,
          "column": 75
        }
      },
      "13": {
        "start": {
          "line"  : 19,
          "column": 4
        },
        "end"  : {
          "line"  : 19,
          "column": 61
        }
      },
      "14": {
        "start": {
          "line"  : 21,
          "column": 4
        },
        "end"  : {
          "line"  : 21,
          "column": 26
        }
      },
      "15": {
        "start": {
          "line"  : 23,
          "column": 4
        },
        "end"  : {
          "line"  : 29,
          "column": 5
        }
      },
      "16": {
        "start": {
          "line"  : 24,
          "column": 6
        },
        "end"  : {
          "line"  : 25,
          "column": 66
        }
      },
      "17": {
        "start": {
          "line"  : 26,
          "column": 6
        },
        "end"  : {
          "line"  : 27,
          "column": 77
        }
      },
      "18": {
        "start": {
          "line"  : 28,
          "column": 6
        },
        "end"  : {
          "line"  : 28,
          "column": 15
        }
      },
      "19": {
        "start": {
          "line"  : 32,
          "column": 2
        },
        "end"  : {
          "line"  : 32,
          "column": 10
        }
      },
      "20": {
        "start": {
          "line"  : 35,
          "column": 0
        },
        "end"  : {
          "line"  : 41,
          "column": 1
        }
      },
      "21": {
        "start": {
          "line"  : 36,
          "column": 2
        },
        "end"  : {
          "line"  : 36,
          "column": 34
        }
      },
      "22": {
        "start": {
          "line"  : 37,
          "column": 2
        },
        "end"  : {
          "line"  : 37,
          "column": 27
        }
      },
      "23": {
        "start": {
          "line"  : 38,
          "column": 2
        },
        "end"  : {
          "line"  : 38,
          "column": 36
        }
      },
      "24": {
        "start": {
          "line"  : 40,
          "column": 2
        },
        "end"  : {
          "line"  : 40,
          "column": 88
        }
      }
    },
    "branchMap"   : {}
  },
  "C:\\Projects\\FRSource\\FRS-hide-scrollbar\\src\\scripts\\FRSHideScrollbar.js"     : {
    "path"        : "C:\\Projects\\FRSource\\FRS-hide-scrollbar\\src\\scripts\\FRSHideScrollbar.js",
    "s"           : {
      "1" : 1,
      "2" : 1,
      "3" : 1,
      "4" : 1,
      "5" : 1,
      "6" : 1,
      "7" : 1,
      "8" : 1,
      "9" : 1,
      "10": 1,
      "11": 1,
      "12": 1,
      "13": 2,
      "14": 2,
      "15": 2,
      "16": 2,
      "17": 2,
      "18": 2,
      "19": 2,
      "20": 2,
      "21": 1,
      "22": 1,
      "23": 2,
      "24": 1,
      "25": 3,
      "26": 1,
      "27": 1,
      "28": 1,
      "29": 1,
      "30": 0,
      "31": 0,
      "32": 0,
      "33": 1,
      "34": 1,
      "35": 0,
      "36": 0
    },
    "b"           : {
      "1" : [
        1,
        0
      ],
      "2" : [
        1,
        1
      ],
      "3" : [
        1,
        1
      ],
      "4" : [
        1,
        1
      ],
      "5" : [
        1,
        1,
        1
      ],
      "6" : [
        1,
        1
      ],
      "7" : [
        1,
        1
      ],
      "8" : [
        1,
        1
      ],
      "9" : [
        0,
        1
      ],
      "10": [
        1,
        0
      ]
    },
    "f"           : {
      "1": 2,
      "2": 3,
      "3": 1
    },
    "fnMap"       : {
      "1": {
        "name": "refreshScrollWidth",
        "line": 20,
        "loc" : {
          "start": {
            "line"  : 20,
            "column": 0
          },
          "end"  : {
            "line"  : 20,
            "column": 31
          }
        }
      },
      "2": {
        "name": "createNewChild",
        "line": 39,
        "loc" : {
          "start": {
            "line"  : 39,
            "column": 0
          },
          "end"  : {
            "line"  : 39,
            "column": 44
          }
        }
      },
      "3": {
        "name": "updateStyles",
        "line": 43,
        "loc" : {
          "start": {
            "line"  : 43,
            "column": 0
          },
          "end"  : {
            "line"  : 43,
            "column": 47
          }
        }
      }
    },
    "statementMap": {
      "1" : {
        "start": {
          "line"  : 1,
          "column": 0
        },
        "end"  : {
          "line"  : 1,
          "column": 15
        }
      },
      "2" : {
        "start": {
          "line"  : 2,
          "column": 0
        },
        "end"  : {
          "line"  : 2,
          "column": 47
        }
      },
      "3" : {
        "start": {
          "line"  : 4,
          "column": 0
        },
        "end"  : {
          "line"  : 4,
          "column": 57
        }
      },
      "4" : {
        "start": {
          "line"  : 5,
          "column": 0
        },
        "end"  : {
          "line"  : 5,
          "column": 53
        }
      },
      "5" : {
        "start": {
          "line"  : 6,
          "column": 0
        },
        "end"  : {
          "line"  : 6,
          "column": 51
        }
      },
      "6" : {
        "start": {
          "line"  : 7,
          "column": 0
        },
        "end"  : {
          "line"  : 7,
          "column": 68
        }
      },
      "7" : {
        "start": {
          "line"  : 9,
          "column": 0
        },
        "end"  : {
          "line"  : 9,
          "column": 98
        }
      },
      "8" : {
        "start": {
          "line"  : 10,
          "column": 0
        },
        "end"  : {
          "line"  : 10,
          "column": 113
        }
      },
      "9" : {
        "start": {
          "line"  : 11,
          "column": 0
        },
        "end"  : {
          "line"  : 13,
          "column": 82
        }
      },
      "10": {
        "start": {
          "line"  : 15,
          "column": 0
        },
        "end"  : {
          "line"  : 15,
          "column": 69
        }
      },
      "11": {
        "start": {
          "line"  : 16,
          "column": 0
        },
        "end"  : {
          "line"  : 16,
          "column": 71
        }
      },
      "12": {
        "start": {
          "line"  : 20,
          "column": 0
        },
        "end"  : {
          "line"  : 37,
          "column": 1
        }
      },
      "13": {
        "start": {
          "line"  : 21,
          "column": 2
        },
        "end"  : {
          "line"  : 21,
          "column": 62
        }
      },
      "14": {
        "start": {
          "line"  : 22,
          "column": 2
        },
        "end"  : {
          "line"  : 22,
          "column": 36
        }
      },
      "15": {
        "start": {
          "line"  : 23,
          "column": 2
        },
        "end"  : {
          "line"  : 23,
          "column": 30
        }
      },
      "16": {
        "start": {
          "line"  : 24,
          "column": 2
        },
        "end"  : {
          "line"  : 24,
          "column": 33
        }
      },
      "17": {
        "start": {
          "line"  : 25,
          "column": 2
        },
        "end"  : {
          "line"  : 25,
          "column": 34
        }
      },
      "18": {
        "start": {
          "line"  : 27,
          "column": 2
        },
        "end"  : {
          "line"  : 27,
          "column": 54
        }
      },
      "19": {
        "start": {
          "line"  : 29,
          "column": 2
        },
        "end"  : {
          "line"  : 29,
          "column": 33
        }
      },
      "20": {
        "start": {
          "line"  : 31,
          "column": 2
        },
        "end"  : {
          "line"  : 34,
          "column": 3
        }
      },
      "21": {
        "start": {
          "line"  : 32,
          "column": 4
        },
        "end"  : {
          "line"  : 32,
          "column": 54
        }
      },
      "22": {
        "start": {
          "line"  : 33,
          "column": 4
        },
        "end"  : {
          "line"  : 33,
          "column": 19
        }
      },
      "23": {
        "start": {
          "line"  : 36,
          "column": 2
        },
        "end"  : {
          "line"  : 36,
          "column": 25
        }
      },
      "24": {
        "start": {
          "line"  : 39,
          "column": 0
        },
        "end"  : {
          "line"  : 41,
          "column": 1
        }
      },
      "25": {
        "start": {
          "line"  : 40,
          "column": 2
        },
        "end"  : {
          "line"  : 40,
          "column": 63
        }
      },
      "26": {
        "start": {
          "line"  : 43,
          "column": 0
        },
        "end"  : {
          "line"  : 65,
          "column": 1
        }
      },
      "27": {
        "start": {
          "line"  : 44,
          "column": 2
        },
        "end"  : {
          "line"  : 44,
          "column": 72
        }
      },
      "28": {
        "start": {
          "line"  : 45,
          "column": 2
        },
        "end"  : {
          "line"  : 45,
          "column": 40
        }
      },
      "29": {
        "start": {
          "line"  : 47,
          "column": 2
        },
        "end"  : {
          "line"  : 52,
          "column": 3
        }
      },
      "30": {
        "start": {
          "line"  : 48,
          "column": 4
        },
        "end"  : {
          "line"  : 48,
          "column": 53
        }
      },
      "31": {
        "start": {
          "line"  : 49,
          "column": 4
        },
        "end"  : {
          "line"  : 50,
          "column": 89
        }
      },
      "32": {
        "start": {
          "line"  : 51,
          "column": 4
        },
        "end"  : {
          "line"  : 51,
          "column": 76
        }
      },
      "33": {
        "start": {
          "line"  : 54,
          "column": 2
        },
        "end"  : {
          "line"  : 56,
          "column": 3
        }
      },
      "34": {
        "start": {
          "line"  : 55,
          "column": 4
        },
        "end"  : {
          "line"  : 55,
          "column": 11
        }
      },
      "35": {
        "start": {
          "line"  : 58,
          "column": 2
        },
        "end"  : {
          "line"  : 58,
          "column": 39
        }
      },
      "36": {
        "start": {
          "line"  : 59,
          "column": 2
        },
        "end"  : {
          "line"  : 64,
          "column": 74
        }
      }
    },
    "branchMap"   : {
      "1" : {
        "line"     : 2,
        "type"     : "binary-expr",
        "locations": [
          {
            "start": {
              "line"  : 2,
              "column": 33
            },
            "end"  : {
              "line"  : 2,
              "column": 40
            }
          },
          {
            "start": {
              "line"  : 2,
              "column": 44
            },
            "end"  : {
              "line"  : 2,
              "column": 46
            }
          }
        ]
      },
      "2" : {
        "line"     : 7,
        "type"     : "binary-expr",
        "locations": [
          {
            "start": {
              "line"  : 7,
              "column": 38
            },
            "end"  : {
              "line"  : 7,
              "column": 61
            }
          },
          {
            "start": {
              "line"  : 7,
              "column": 65
            },
            "end"  : {
              "line"  : 7,
              "column": 67
            }
          }
        ]
      },
      "3" : {
        "line"     : 9,
        "type"     : "binary-expr",
        "locations": [
          {
            "start": {
              "line"  : 9,
              "column": 43
            },
            "end"  : {
              "line"  : 9,
              "column": 76
            }
          },
          {
            "start": {
              "line"  : 9,
              "column": 80
            },
            "end"  : {
              "line"  : 9,
              "column": 97
            }
          }
        ]
      },
      "4" : {
        "line"     : 10,
        "type"     : "binary-expr",
        "locations": [
          {
            "start": {
              "line"  : 10,
              "column": 43
            },
            "end"  : {
              "line"  : 10,
              "column": 83
            }
          },
          {
            "start": {
              "line"  : 10,
              "column": 87
            },
            "end"  : {
              "line"  : 10,
              "column": 112
            }
          }
        ]
      },
      "5" : {
        "line"     : 11,
        "type"     : "binary-expr",
        "locations": [
          {
            "start": {
              "line"  : 11,
              "column": 43
            },
            "end"  : {
              "line"  : 11,
              "column": 79
            }
          },
          {
            "start": {
              "line"  : 12,
              "column": 43
            },
            "end"  : {
              "line"  : 12,
              "column": 84
            }
          },
          {
            "start": {
              "line"  : 13,
              "column": 43
            },
            "end"  : {
              "line"  : 13,
              "column": 81
            }
          }
        ]
      },
      "6" : {
        "line"     : 31,
        "type"     : "if",
        "locations": [
          {
            "start": {
              "line"  : 31,
              "column": 2
            },
            "end"  : {
              "line"  : 31,
              "column": 2
            }
          },
          {
            "start": {
              "line"  : 31,
              "column": 2
            },
            "end"  : {
              "line"  : 31,
              "column": 2
            }
          }
        ]
      },
      "7" : {
        "line"     : 44,
        "type"     : "binary-expr",
        "locations": [
          {
            "start": {
              "line"  : 44,
              "column": 18
            },
            "end"  : {
              "line"  : 44,
              "column": 31
            }
          },
          {
            "start": {
              "line"  : 44,
              "column": 35
            },
            "end"  : {
              "line"  : 44,
              "column": 71
            }
          }
        ]
      },
      "8" : {
        "line"     : 45,
        "type"     : "binary-expr",
        "locations": [
          {
            "start": {
              "line"  : 45,
              "column": 18
            },
            "end"  : {
              "line"  : 45,
              "column": 25
            }
          },
          {
            "start": {
              "line"  : 45,
              "column": 29
            },
            "end"  : {
              "line"  : 45,
              "column": 39
            }
          }
        ]
      },
      "9" : {
        "line"     : 47,
        "type"     : "if",
        "locations": [
          {
            "start": {
              "line"  : 47,
              "column": 2
            },
            "end"  : {
              "line"  : 47,
              "column": 2
            }
          },
          {
            "start": {
              "line"  : 47,
              "column": 2
            },
            "end"  : {
              "line"  : 47,
              "column": 2
            }
          }
        ]
      },
      "10": {
        "line"     : 54,
        "type"     : "if",
        "locations": [
          {
            "start": {
              "line"  : 54,
              "column": 2
            },
            "end"  : {
              "line"  : 54,
              "column": 2
            }
          },
          {
            "start": {
              "line"  : 54,
              "column": 2
            },
            "end"  : {
              "line"  : 54,
              "column": 2
            }
          }
        ]
      }
    }
  }
}