TN:
SF:C:\Projects\FRSource\FRS-hide-scrollbar\src\scripts\FRSHideScrollbar.js
FN:20,refreshScrollWidth
FN:39,createNewChild
FN:43,updateStyles
FNF:3
FNH:3
FNDA:2,refreshScrollWidth
FNDA:3,createNewChild
FNDA:1,updateStyles
DA:2,1
DA:4,1
DA:5,1
DA:6,1
DA:7,1
DA:9,1
DA:10,1
DA:11,1
DA:15,1
DA:16,1
DA:21,2
DA:22,2
DA:23,2
DA:24,2
DA:25,2
DA:27,2
DA:29,2
DA:31,2
DA:32,1
DA:33,1
DA:36,2
DA:40,3
DA:44,1
DA:45,1
DA:47,1
DA:48,0
DA:49,0
DA:51,0
DA:54,1
DA:55,1
DA:58,0
DA:59,0
LF:32
LH:27
BRDA:2,0,0,1
BRDA:2,0,1,0
BRDA:7,1,0,1
BRDA:7,1,1,1
BRDA:9,2,0,1
BRDA:9,2,1,1
BRDA:10,3,0,1
BRDA:10,3,1,1
BRDA:11,4,0,1
BRDA:11,4,1,1
BRDA:11,4,2,1
BRDA:31,5,0,1
BRDA:31,5,1,1
BRDA:44,6,0,1
BRDA:44,6,1,1
BRDA:45,7,0,1
BRDA:45,7,1,1
BRDA:47,8,0,0
BRDA:47,8,1,1
BRDA:54,9,0,1
BRDA:54,9,1,0
BRF:21
BRH:18
end_of_record
TN:
SF:C:\Projects\FRSource\FRS-hide-scrollbar\src\scripts\FRSHideScrollbar.spec.js
FN:5,(anonymous_0)
FN:6,(anonymous_1)
FN:16,(anonymous_2)
FN:21,onLoad
FN:33,initializeModuleInDOM
FNF:5
FNH:5
FNDA:1,(anonymous_0)
FNDA:1,(anonymous_1)
FNDA:1,(anonymous_2)
FNDA:1,onLoad
FNDA:2,initializeModuleInDOM
DA:1,1
DA:2,1
DA:3,1
DA:5,1
DA:6,1
DA:7,1
DA:8,1
DA:10,1
DA:11,1
DA:13,1
DA:16,1
DA:17,1
DA:19,1
DA:22,1
DA:24,1
DA:26,1
DA:30,1
DA:34,2
DA:35,2
DA:36,2
DA:38,2
LF:21
LH:21
BRF:0
BRH:0
end_of_record
